<?xml version="1.0" encoding="UTF-8"?>
<testsuite xmlns:xsi="http://www.w3.org/2001/XMLSchema-instance" xsi:noNamespaceSchemaLocation="https://maven.apache.org/surefire/maven-surefire-plugin/xsd/surefire-test-report-3.0.xsd" version="3.0" name="org.evoting.de.service.TopicServiceTest" time="0.067" tests="2" errors="0" skipped="0" failures="0">
  <properties>
[...]
</properties>
  <testcase name="testGetTopicsByAddress_Success" classname="org.evoting.de.service.TopicServiceTest" time="0.063"/>
  <testcase name="testGetTopicsByAddress_NoTopicsFound" classname="org.evoting.de.service.TopicServiceTest" time="0.001"/>
</testsuite>